-------------------------------------------------------------------------------
Test set: com.siempreListobanco.banco.BancoApplicationTests
-------------------------------------------------------------------------------
Tests run: 1, Failures: 0, Errors: 1, Skipped: 0, Time elapsed: 5.306 s <<< FAILURE! - in com.siempreListobanco.banco.BancoApplicationTests
com.siempreListobanco.banco.BancoApplicationTests  Time elapsed: 5.306 s  <<< ERROR!
java.lang.IllegalStateException: Unable to find a @SpringBootConfiguration, you need to use @ContextConfiguration or @SpringBootTest(classes=...) with your test

